{"/Users/rongxintian/Documents/GitHub/FSE/fse-s24-sb2/controllers/exerciseController.js": {"path":"/Users/rongxintian/Documents/GitHub/FSE/fse-s24-sb2/controllers/exerciseController.js","statementMap":{"0":{"start":{"line":7,"column":2},"end":{"line":13,"column":3}},"1":{"start":{"line":8,"column":22},"end":{"line":8,"column":67}},"2":{"start":{"line":9,"column":4},"end":{"line":9,"column":35}},"3":{"start":{"line":11,"column":4},"end":{"line":11,"column":52}},"4":{"start":{"line":12,"column":4},"end":{"line":12,"column":51}},"5":{"start":{"line":17,"column":2},"end":{"line":53,"column":3}},"6":{"start":{"line":18,"column":23},"end":{"line":18,"column":36}},"7":{"start":{"line":19,"column":21},"end":{"line":19,"column":40}},"8":{"start":{"line":20,"column":4},"end":{"line":22,"column":5}},"9":{"start":{"line":21,"column":6},"end":{"line":21,"column":56}},"10":{"start":{"line":24,"column":21},"end":{"line":29,"column":13}},"11":{"start":{"line":31,"column":4},"end":{"line":49,"column":5}},"12":{"start":{"line":32,"column":19},"end":{"line":32,"column":62}},"13":{"start":{"line":34,"column":6},"end":{"line":36,"column":7}},"14":{"start":{"line":35,"column":8},"end":{"line":35,"column":53}},"15":{"start":{"line":38,"column":6},"end":{"line":41,"column":7}},"16":{"start":{"line":43,"column":35},"end":{"line":43,"column":54}},"17":{"start":{"line":44,"column":6},"end":{"line":44,"column":63}},"18":{"start":{"line":46,"column":6},"end":{"line":46,"column":48}},"19":{"start":{"line":48,"column":6},"end":{"line":48,"column":48}},"20":{"start":{"line":51,"column":4},"end":{"line":51,"column":60}},"21":{"start":{"line":52,"column":4},"end":{"line":52,"column":59}},"22":{"start":{"line":57,"column":65},"end":{"line":57,"column":73}},"23":{"start":{"line":59,"column":2},"end":{"line":67,"column":3}},"24":{"start":{"line":60,"column":24},"end":{"line":60,"column":93}},"25":{"start":{"line":61,"column":4},"end":{"line":61,"column":28}},"26":{"start":{"line":62,"column":4},"end":{"line":62,"column":40}},"27":{"start":{"line":63,"column":4},"end":{"line":63,"column":37}},"28":{"start":{"line":65,"column":4},"end":{"line":65,"column":51}},"29":{"start":{"line":66,"column":4},"end":{"line":66,"column":50}},"30":{"start":{"line":71,"column":21},"end":{"line":71,"column":34}},"31":{"start":{"line":72,"column":41},"end":{"line":72,"column":49}},"32":{"start":{"line":74,"column":2},"end":{"line":95,"column":3}},"33":{"start":{"line":75,"column":21},"end":{"line":75,"column":57}},"34":{"start":{"line":77,"column":4},"end":{"line":79,"column":5}},"35":{"start":{"line":78,"column":6},"end":{"line":78,"column":55}},"36":{"start":{"line":81,"column":23},"end":{"line":85,"column":5}},"37":{"start":{"line":87,"column":4},"end":{"line":87,"column":38}},"38":{"start":{"line":88,"column":4},"end":{"line":88,"column":25}},"39":{"start":{"line":90,"column":4},"end":{"line":90,"column":38}},"40":{"start":{"line":91,"column":4},"end":{"line":91,"column":36}},"41":{"start":{"line":93,"column":4},"end":{"line":93,"column":49}},"42":{"start":{"line":94,"column":4},"end":{"line":94,"column":48}},"43":{"start":{"line":99,"column":21},"end":{"line":99,"column":34}},"44":{"start":{"line":100,"column":19},"end":{"line":100,"column":36}},"45":{"start":{"line":102,"column":2},"end":{"line":137,"column":3}},"46":{"start":{"line":103,"column":21},"end":{"line":103,"column":57}},"47":{"start":{"line":104,"column":17},"end":{"line":104,"column":60}},"48":{"start":{"line":106,"column":4},"end":{"line":108,"column":5}},"49":{"start":{"line":107,"column":6},"end":{"line":107,"column":55}},"50":{"start":{"line":110,"column":4},"end":{"line":112,"column":5}},"51":{"start":{"line":111,"column":6},"end":{"line":111,"column":51}},"52":{"start":{"line":114,"column":4},"end":{"line":120,"column":5}},"53":{"start":{"line":115,"column":6},"end":{"line":115,"column":35}},"54":{"start":{"line":116,"column":6},"end":{"line":118,"column":7}},"55":{"start":{"line":117,"column":8},"end":{"line":117,"column":40}},"56":{"start":{"line":119,"column":6},"end":{"line":119,"column":27}},"57":{"start":{"line":122,"column":21},"end":{"line":122,"column":103}},"58":{"start":{"line":123,"column":24},"end":{"line":123,"column":109}},"59":{"start":{"line":125,"column":28},"end":{"line":125,"column":71}},"60":{"start":{"line":126,"column":4},"end":{"line":126,"column":56}},"61":{"start":{"line":128,"column":4},"end":{"line":133,"column":6}},"62":{"start":{"line":135,"column":4},"end":{"line":135,"column":48}},"63":{"start":{"line":136,"column":4},"end":{"line":136,"column":47}},"64":{"start":{"line":141,"column":21},"end":{"line":141,"column":34}},"65":{"start":{"line":142,"column":19},"end":{"line":142,"column":36}},"66":{"start":{"line":144,"column":2},"end":{"line":179,"column":3}},"67":{"start":{"line":145,"column":21},"end":{"line":145,"column":57}},"68":{"start":{"line":146,"column":17},"end":{"line":146,"column":60}},"69":{"start":{"line":148,"column":4},"end":{"line":150,"column":5}},"70":{"start":{"line":149,"column":6},"end":{"line":149,"column":55}},"71":{"start":{"line":152,"column":4},"end":{"line":154,"column":5}},"72":{"start":{"line":153,"column":6},"end":{"line":153,"column":51}},"73":{"start":{"line":156,"column":4},"end":{"line":162,"column":5}},"74":{"start":{"line":157,"column":6},"end":{"line":157,"column":38}},"75":{"start":{"line":158,"column":6},"end":{"line":160,"column":7}},"76":{"start":{"line":159,"column":8},"end":{"line":159,"column":37}},"77":{"start":{"line":161,"column":6},"end":{"line":161,"column":27}},"78":{"start":{"line":164,"column":21},"end":{"line":164,"column":103}},"79":{"start":{"line":165,"column":24},"end":{"line":165,"column":109}},"80":{"start":{"line":167,"column":28},"end":{"line":167,"column":71}},"81":{"start":{"line":168,"column":4},"end":{"line":168,"column":56}},"82":{"start":{"line":170,"column":4},"end":{"line":175,"column":6}},"83":{"start":{"line":177,"column":4},"end":{"line":177,"column":51}},"84":{"start":{"line":178,"column":4},"end":{"line":178,"column":50}},"85":{"start":{"line":183,"column":21},"end":{"line":183,"column":34}},"86":{"start":{"line":184,"column":19},"end":{"line":184,"column":36}},"87":{"start":{"line":186,"column":2},"end":{"line":218,"column":3}},"88":{"start":{"line":187,"column":21},"end":{"line":187,"column":57}},"89":{"start":{"line":188,"column":17},"end":{"line":188,"column":60}},"90":{"start":{"line":190,"column":4},"end":{"line":192,"column":5}},"91":{"start":{"line":191,"column":6},"end":{"line":191,"column":55}},"92":{"start":{"line":194,"column":4},"end":{"line":196,"column":5}},"93":{"start":{"line":195,"column":6},"end":{"line":195,"column":51}},"94":{"start":{"line":198,"column":4},"end":{"line":201,"column":5}},"95":{"start":{"line":199,"column":6},"end":{"line":199,"column":35}},"96":{"start":{"line":200,"column":6},"end":{"line":200,"column":27}},"97":{"start":{"line":203,"column":21},"end":{"line":203,"column":103}},"98":{"start":{"line":204,"column":24},"end":{"line":204,"column":109}},"99":{"start":{"line":206,"column":28},"end":{"line":206,"column":71}},"100":{"start":{"line":207,"column":4},"end":{"line":207,"column":56}},"101":{"start":{"line":209,"column":4},"end":{"line":214,"column":6}},"102":{"start":{"line":216,"column":4},"end":{"line":216,"column":50}},"103":{"start":{"line":217,"column":4},"end":{"line":217,"column":49}},"104":{"start":{"line":222,"column":21},"end":{"line":222,"column":34}},"105":{"start":{"line":223,"column":19},"end":{"line":223,"column":36}},"106":{"start":{"line":225,"column":2},"end":{"line":257,"column":3}},"107":{"start":{"line":226,"column":21},"end":{"line":226,"column":57}},"108":{"start":{"line":227,"column":17},"end":{"line":227,"column":60}},"109":{"start":{"line":229,"column":4},"end":{"line":231,"column":5}},"110":{"start":{"line":230,"column":6},"end":{"line":230,"column":55}},"111":{"start":{"line":233,"column":4},"end":{"line":235,"column":5}},"112":{"start":{"line":234,"column":6},"end":{"line":234,"column":51}},"113":{"start":{"line":237,"column":4},"end":{"line":240,"column":5}},"114":{"start":{"line":238,"column":6},"end":{"line":238,"column":38}},"115":{"start":{"line":239,"column":6},"end":{"line":239,"column":27}},"116":{"start":{"line":242,"column":21},"end":{"line":242,"column":103}},"117":{"start":{"line":243,"column":24},"end":{"line":243,"column":109}},"118":{"start":{"line":245,"column":28},"end":{"line":245,"column":71}},"119":{"start":{"line":246,"column":4},"end":{"line":246,"column":56}},"120":{"start":{"line":248,"column":4},"end":{"line":253,"column":6}},"121":{"start":{"line":255,"column":4},"end":{"line":255,"column":53}},"122":{"start":{"line":256,"column":4},"end":{"line":256,"column":52}}},"fnMap":{"0":{"name":"getExercises","decl":{"start":{"line":6,"column":15},"end":{"line":6,"column":27}},"loc":{"start":{"line":6,"column":38},"end":{"line":14,"column":1}},"line":6},"1":{"name":"getExerciseById","decl":{"start":{"line":16,"column":15},"end":{"line":16,"column":30}},"loc":{"start":{"line":16,"column":41},"end":{"line":54,"column":1}},"line":16},"2":{"name":"postExercise","decl":{"start":{"line":56,"column":15},"end":{"line":56,"column":27}},"loc":{"start":{"line":56,"column":38},"end":{"line":68,"column":1}},"line":56},"3":{"name":"addComment","decl":{"start":{"line":70,"column":15},"end":{"line":70,"column":25}},"loc":{"start":{"line":70,"column":36},"end":{"line":96,"column":1}},"line":70},"4":{"name":"handleLike","decl":{"start":{"line":98,"column":15},"end":{"line":98,"column":25}},"loc":{"start":{"line":98,"column":36},"end":{"line":138,"column":1}},"line":98},"5":{"name":"handleDislike","decl":{"start":{"line":140,"column":15},"end":{"line":140,"column":28}},"loc":{"start":{"line":140,"column":39},"end":{"line":180,"column":1}},"line":140},"6":{"name":"handleUnlike","decl":{"start":{"line":182,"column":15},"end":{"line":182,"column":27}},"loc":{"start":{"line":182,"column":38},"end":{"line":219,"column":1}},"line":182},"7":{"name":"handleUndislike","decl":{"start":{"line":221,"column":15},"end":{"line":221,"column":30}},"loc":{"start":{"line":221,"column":41},"end":{"line":258,"column":1}},"line":221}},"branchMap":{"0":{"loc":{"start":{"line":20,"column":4},"end":{"line":22,"column":5}},"type":"if","locations":[{"start":{"line":20,"column":4},"end":{"line":22,"column":5}},{"start":{},"end":{}}],"line":20},"1":{"loc":{"start":{"line":31,"column":4},"end":{"line":49,"column":5}},"type":"if","locations":[{"start":{"line":31,"column":4},"end":{"line":49,"column":5}},{"start":{"line":47,"column":11},"end":{"line":49,"column":5}}],"line":31},"2":{"loc":{"start":{"line":34,"column":6},"end":{"line":36,"column":7}},"type":"if","locations":[{"start":{"line":34,"column":6},"end":{"line":36,"column":7}},{"start":{},"end":{}}],"line":34},"3":{"loc":{"start":{"line":77,"column":4},"end":{"line":79,"column":5}},"type":"if","locations":[{"start":{"line":77,"column":4},"end":{"line":79,"column":5}},{"start":{},"end":{}}],"line":77},"4":{"loc":{"start":{"line":106,"column":4},"end":{"line":108,"column":5}},"type":"if","locations":[{"start":{"line":106,"column":4},"end":{"line":108,"column":5}},{"start":{},"end":{}}],"line":106},"5":{"loc":{"start":{"line":110,"column":4},"end":{"line":112,"column":5}},"type":"if","locations":[{"start":{"line":110,"column":4},"end":{"line":112,"column":5}},{"start":{},"end":{}}],"line":110},"6":{"loc":{"start":{"line":114,"column":4},"end":{"line":120,"column":5}},"type":"if","locations":[{"start":{"line":114,"column":4},"end":{"line":120,"column":5}},{"start":{},"end":{}}],"line":114},"7":{"loc":{"start":{"line":116,"column":6},"end":{"line":118,"column":7}},"type":"if","locations":[{"start":{"line":116,"column":6},"end":{"line":118,"column":7}},{"start":{},"end":{}}],"line":116},"8":{"loc":{"start":{"line":148,"column":4},"end":{"line":150,"column":5}},"type":"if","locations":[{"start":{"line":148,"column":4},"end":{"line":150,"column":5}},{"start":{},"end":{}}],"line":148},"9":{"loc":{"start":{"line":152,"column":4},"end":{"line":154,"column":5}},"type":"if","locations":[{"start":{"line":152,"column":4},"end":{"line":154,"column":5}},{"start":{},"end":{}}],"line":152},"10":{"loc":{"start":{"line":156,"column":4},"end":{"line":162,"column":5}},"type":"if","locations":[{"start":{"line":156,"column":4},"end":{"line":162,"column":5}},{"start":{},"end":{}}],"line":156},"11":{"loc":{"start":{"line":158,"column":6},"end":{"line":160,"column":7}},"type":"if","locations":[{"start":{"line":158,"column":6},"end":{"line":160,"column":7}},{"start":{},"end":{}}],"line":158},"12":{"loc":{"start":{"line":190,"column":4},"end":{"line":192,"column":5}},"type":"if","locations":[{"start":{"line":190,"column":4},"end":{"line":192,"column":5}},{"start":{},"end":{}}],"line":190},"13":{"loc":{"start":{"line":194,"column":4},"end":{"line":196,"column":5}},"type":"if","locations":[{"start":{"line":194,"column":4},"end":{"line":196,"column":5}},{"start":{},"end":{}}],"line":194},"14":{"loc":{"start":{"line":198,"column":4},"end":{"line":201,"column":5}},"type":"if","locations":[{"start":{"line":198,"column":4},"end":{"line":201,"column":5}},{"start":{},"end":{}}],"line":198},"15":{"loc":{"start":{"line":229,"column":4},"end":{"line":231,"column":5}},"type":"if","locations":[{"start":{"line":229,"column":4},"end":{"line":231,"column":5}},{"start":{},"end":{}}],"line":229},"16":{"loc":{"start":{"line":233,"column":4},"end":{"line":235,"column":5}},"type":"if","locations":[{"start":{"line":233,"column":4},"end":{"line":235,"column":5}},{"start":{},"end":{}}],"line":233},"17":{"loc":{"start":{"line":237,"column":4},"end":{"line":240,"column":5}},"type":"if","locations":[{"start":{"line":237,"column":4},"end":{"line":240,"column":5}},{"start":{},"end":{}}],"line":237}},"s":{"0":1,"1":1,"2":1,"3":0,"4":0,"5":2,"6":2,"7":2,"8":2,"9":0,"10":2,"11":2,"12":1,"13":1,"14":0,"15":1,"16":1,"17":1,"18":1,"19":1,"20":0,"21":0,"22":1,"23":1,"24":1,"25":1,"26":1,"27":1,"28":0,"29":0,"30":1,"31":1,"32":1,"33":1,"34":1,"35":0,"36":1,"37":1,"38":1,"39":1,"40":1,"41":0,"42":0,"43":2,"44":2,"45":2,"46":2,"47":2,"48":2,"49":0,"50":2,"51":1,"52":1,"53":1,"54":1,"55":0,"56":1,"57":1,"58":1,"59":1,"60":1,"61":1,"62":0,"63":0,"64":2,"65":2,"66":2,"67":2,"68":2,"69":2,"70":0,"71":2,"72":1,"73":1,"74":1,"75":1,"76":1,"77":1,"78":1,"79":1,"80":1,"81":1,"82":1,"83":0,"84":0,"85":2,"86":2,"87":2,"88":2,"89":2,"90":2,"91":0,"92":2,"93":1,"94":1,"95":1,"96":1,"97":1,"98":1,"99":1,"100":1,"101":1,"102":0,"103":0,"104":2,"105":2,"106":2,"107":2,"108":2,"109":2,"110":0,"111":2,"112":1,"113":1,"114":1,"115":1,"116":1,"117":1,"118":1,"119":1,"120":1,"121":0,"122":0},"f":{"0":1,"1":2,"2":1,"3":1,"4":2,"5":2,"6":2,"7":2},"b":{"0":[0,2],"1":[1,1],"2":[0,1],"3":[0,1],"4":[0,2],"5":[1,1],"6":[1,0],"7":[0,1],"8":[0,2],"9":[1,1],"10":[1,0],"11":[1,0],"12":[0,2],"13":[1,1],"14":[1,0],"15":[0,2],"16":[1,1],"17":[1,0]},"_coverageSchema":"1a1c01bbd47fc00a2c39e90264f33305004495a9","hash":"17e9cd5b9da4931ec54a11ae1d26d05396dd8c0c"}
,"/Users/rongxintian/Documents/GitHub/FSE/fse-s24-sb2/controllers/searchController.js": {"path":"/Users/rongxintian/Documents/GitHub/FSE/fse-s24-sb2/controllers/searchController.js","statementMap":{"0":{"start":{"line":6,"column":22},"end":{"line":6,"column":43}},"1":{"start":{"line":8,"column":4},"end":{"line":12,"column":5}},"2":{"start":{"line":9,"column":6},"end":{"line":9,"column":19}},"3":{"start":{"line":11,"column":6},"end":{"line":11,"column":18}},"4":{"start":{"line":16,"column":4},"end":{"line":28,"column":5}},"5":{"start":{"line":17,"column":68},"end":{"line":17,"column":90}},"6":{"start":{"line":18,"column":30},"end":{"line":18,"column":84}},"7":{"start":{"line":19,"column":34},"end":{"line":19,"column":60}},"8":{"start":{"line":21,"column":22},"end":{"line":21,"column":82}},"9":{"start":{"line":22,"column":8},"end":{"line":22,"column":52}},"10":{"start":{"line":24,"column":8},"end":{"line":24,"column":52}},"11":{"start":{"line":26,"column":8},"end":{"line":26,"column":62}},"12":{"start":{"line":27,"column":8},"end":{"line":27,"column":53}},"13":{"start":{"line":32,"column":4},"end":{"line":38,"column":6}},"14":{"start":{"line":42,"column":4},"end":{"line":44,"column":5}},"15":{"start":{"line":43,"column":8},"end":{"line":43,"column":18}},"16":{"start":{"line":46,"column":4},"end":{"line":48,"column":5}},"17":{"start":{"line":47,"column":8},"end":{"line":47,"column":29}},"18":{"start":{"line":50,"column":4},"end":{"line":50,"column":54}},"19":{"start":{"line":54,"column":4},"end":{"line":54,"column":38}},"20":{"start":{"line":55,"column":4},"end":{"line":57,"column":5}},"21":{"start":{"line":56,"column":8},"end":{"line":56,"column":18}},"22":{"start":{"line":59,"column":4},"end":{"line":59,"column":28}},"23":{"start":{"line":60,"column":30},"end":{"line":60,"column":90}},"24":{"start":{"line":62,"column":4},"end":{"line":64,"column":5}},"25":{"start":{"line":63,"column":8},"end":{"line":63,"column":18}},"26":{"start":{"line":66,"column":4},"end":{"line":66,"column":89}},"27":{"start":{"line":70,"column":4},"end":{"line":70,"column":48}},"28":{"start":{"line":74,"column":25},"end":{"line":74,"column":27}},"29":{"start":{"line":75,"column":23},"end":{"line":75,"column":54}},"30":{"start":{"line":76,"column":21},"end":{"line":76,"column":70}},"31":{"start":{"line":77,"column":4},"end":{"line":77,"column":36}}},"fnMap":{"0":{"name":"validateCriteria","decl":{"start":{"line":5,"column":9},"end":{"line":5,"column":25}},"loc":{"start":{"line":5,"column":36},"end":{"line":13,"column":3}},"line":5},"1":{"name":"getSearchResults","decl":{"start":{"line":15,"column":17},"end":{"line":15,"column":33}},"loc":{"start":{"line":15,"column":44},"end":{"line":29,"column":1}},"line":15},"2":{"name":"extractParameters","decl":{"start":{"line":31,"column":9},"end":{"line":31,"column":26}},"loc":{"start":{"line":31,"column":32},"end":{"line":39,"column":1}},"line":31},"3":{"name":"prepareResults","decl":{"start":{"line":41,"column":9},"end":{"line":41,"column":23}},"loc":{"start":{"line":41,"column":70},"end":{"line":51,"column":1}},"line":41},"4":{"name":"paginateResults","decl":{"start":{"line":53,"column":9},"end":{"line":53,"column":24}},"loc":{"start":{"line":53,"column":52},"end":{"line":67,"column":1}},"line":53},"5":{"name":"isInvalidPageNumber","decl":{"start":{"line":69,"column":9},"end":{"line":69,"column":28}},"loc":{"start":{"line":69,"column":41},"end":{"line":71,"column":1}},"line":69},"6":{"name":"calculatePaginationDetails","decl":{"start":{"line":73,"column":9},"end":{"line":73,"column":35}},"loc":{"start":{"line":73,"column":62},"end":{"line":78,"column":1}},"line":73}},"branchMap":{"0":{"loc":{"start":{"line":8,"column":4},"end":{"line":12,"column":5}},"type":"if","locations":[{"start":{"line":8,"column":4},"end":{"line":12,"column":5}},{"start":{"line":10,"column":10},"end":{"line":12,"column":5}}],"line":8},"1":{"loc":{"start":{"line":42,"column":4},"end":{"line":44,"column":5}},"type":"if","locations":[{"start":{"line":42,"column":4},"end":{"line":44,"column":5}},{"start":{},"end":{}}],"line":42},"2":{"loc":{"start":{"line":46,"column":4},"end":{"line":48,"column":5}},"type":"if","locations":[{"start":{"line":46,"column":4},"end":{"line":48,"column":5}},{"start":{},"end":{}}],"line":46},"3":{"loc":{"start":{"line":55,"column":4},"end":{"line":57,"column":5}},"type":"if","locations":[{"start":{"line":55,"column":4},"end":{"line":57,"column":5}},{"start":{},"end":{}}],"line":55},"4":{"loc":{"start":{"line":62,"column":4},"end":{"line":64,"column":5}},"type":"if","locations":[{"start":{"line":62,"column":4},"end":{"line":64,"column":5}},{"start":{},"end":{}}],"line":62},"5":{"loc":{"start":{"line":70,"column":11},"end":{"line":70,"column":47}},"type":"binary-expr","locations":[{"start":{"line":70,"column":11},"end":{"line":70,"column":28}},{"start":{"line":70,"column":32},"end":{"line":70,"column":47}}],"line":70}},"s":{"0":22,"1":22,"2":11,"3":11,"4":21,"5":21,"6":21,"7":20,"8":20,"9":20,"10":20,"11":1,"12":1,"13":21,"14":20,"15":10,"16":10,"17":6,"18":4,"19":4,"20":4,"21":1,"22":3,"23":3,"24":3,"25":2,"26":1,"27":4,"28":3,"29":3,"30":3,"31":3},"f":{"0":22,"1":21,"2":21,"3":20,"4":4,"5":4,"6":3},"b":{"0":[11,11],"1":[10,10],"2":[6,4],"3":[1,3],"4":[2,1],"5":[4,3]},"_coverageSchema":"1a1c01bbd47fc00a2c39e90264f33305004495a9","hash":"0e2d95bb92edb6e607f2875d8441db99357b2923"}
,"/Users/rongxintian/Documents/GitHub/FSE/fse-s24-sb2/controllers/userController.js": {"path":"/Users/rongxintian/Documents/GitHub/FSE/fse-s24-sb2/controllers/userController.js","statementMap":{"0":{"start":{"line":13,"column":24},"end":{"line":13,"column":59}},"1":{"start":{"line":15,"column":2},"end":{"line":15,"column":36}},"2":{"start":{"line":17,"column":2},"end":{"line":23,"column":3}},"3":{"start":{"line":18,"column":4},"end":{"line":18,"column":17}},"4":{"start":{"line":19,"column":9},"end":{"line":23,"column":3}},"5":{"start":{"line":20,"column":4},"end":{"line":20,"column":17}},"6":{"start":{"line":22,"column":4},"end":{"line":22,"column":16}},"7":{"start":{"line":27,"column":2},"end":{"line":27,"column":43}},"8":{"start":{"line":31,"column":2},"end":{"line":31,"column":56}},"9":{"start":{"line":35,"column":2},"end":{"line":42,"column":4}},"10":{"start":{"line":46,"column":2},"end":{"line":46,"column":30}},"11":{"start":{"line":50,"column":2},"end":{"line":52,"column":3}},"12":{"start":{"line":51,"column":4},"end":{"line":51,"column":70}},"13":{"start":{"line":54,"column":18},"end":{"line":54,"column":69}},"14":{"start":{"line":55,"column":2},"end":{"line":57,"column":3}},"15":{"start":{"line":56,"column":4},"end":{"line":56,"column":80}},"16":{"start":{"line":59,"column":2},"end":{"line":59,"column":27}},"17":{"start":{"line":63,"column":16},"end":{"line":63,"column":69}},"18":{"start":{"line":64,"column":20},"end":{"line":64,"column":36}},"19":{"start":{"line":66,"column":2},"end":{"line":72,"column":4}},"20":{"start":{"line":76,"column":2},"end":{"line":96,"column":3}},"21":{"start":{"line":77,"column":35},"end":{"line":77,"column":43}},"22":{"start":{"line":78,"column":22},"end":{"line":78,"column":56}},"23":{"start":{"line":79,"column":28},"end":{"line":79,"column":85}},"24":{"start":{"line":81,"column":4},"end":{"line":84,"column":5}},"25":{"start":{"line":82,"column":6},"end":{"line":82,"column":42}},"26":{"start":{"line":83,"column":6},"end":{"line":83,"column":81}},"27":{"start":{"line":86,"column":4},"end":{"line":86,"column":40}},"28":{"start":{"line":87,"column":21},"end":{"line":87,"column":53}},"29":{"start":{"line":89,"column":4},"end":{"line":92,"column":7}},"30":{"start":{"line":94,"column":4},"end":{"line":94,"column":54}},"31":{"start":{"line":95,"column":4},"end":{"line":95,"column":59}},"32":{"start":{"line":100,"column":2},"end":{"line":102,"column":3}},"33":{"start":{"line":101,"column":4},"end":{"line":101,"column":52}},"34":{"start":{"line":103,"column":15},"end":{"line":103,"column":62}},"35":{"start":{"line":104,"column":2},"end":{"line":104,"column":20}},"36":{"start":{"line":105,"column":2},"end":{"line":105,"column":14}},"37":{"start":{"line":109,"column":2},"end":{"line":121,"column":3}},"38":{"start":{"line":110,"column":4},"end":{"line":117,"column":6}},"39":{"start":{"line":119,"column":4},"end":{"line":119,"column":21}},"40":{"start":{"line":120,"column":4},"end":{"line":120,"column":44}},"41":{"start":{"line":125,"column":2},"end":{"line":135,"column":3}},"42":{"start":{"line":126,"column":49},"end":{"line":126,"column":57}},"43":{"start":{"line":127,"column":17},"end":{"line":127,"column":78}},"44":{"start":{"line":128,"column":18},"end":{"line":128,"column":44}},"45":{"start":{"line":129,"column":4},"end":{"line":129,"column":46}},"46":{"start":{"line":131,"column":4},"end":{"line":131,"column":70}},"47":{"start":{"line":133,"column":4},"end":{"line":133,"column":25}},"48":{"start":{"line":134,"column":4},"end":{"line":134,"column":40}},"49":{"start":{"line":140,"column":2},"end":{"line":151,"column":3}},"50":{"start":{"line":141,"column":27},"end":{"line":141,"column":35}},"51":{"start":{"line":142,"column":22},"end":{"line":142,"column":46}},"52":{"start":{"line":143,"column":4},"end":{"line":148,"column":5}},"53":{"start":{"line":145,"column":6},"end":{"line":145,"column":56}},"54":{"start":{"line":147,"column":6},"end":{"line":147,"column":58}},"55":{"start":{"line":150,"column":4},"end":{"line":150,"column":40}},"56":{"start":{"line":155,"column":2},"end":{"line":157,"column":3}},"57":{"start":{"line":156,"column":4},"end":{"line":156,"column":97}},"58":{"start":{"line":159,"column":2},"end":{"line":159,"column":32}},"59":{"start":{"line":160,"column":2},"end":{"line":160,"column":25}},"60":{"start":{"line":161,"column":2},"end":{"line":161,"column":87}},"61":{"start":{"line":165,"column":2},"end":{"line":179,"column":3}},"62":{"start":{"line":166,"column":19},"end":{"line":166,"column":27}},"63":{"start":{"line":167,"column":22},"end":{"line":167,"column":46}},"64":{"start":{"line":169,"column":19},"end":{"line":169,"column":51}},"65":{"start":{"line":171,"column":4},"end":{"line":173,"column":5}},"66":{"start":{"line":172,"column":6},"end":{"line":172,"column":64}},"67":{"start":{"line":175,"column":4},"end":{"line":175,"column":55}},"68":{"start":{"line":177,"column":4},"end":{"line":177,"column":55}},"69":{"start":{"line":178,"column":4},"end":{"line":178,"column":50}},"70":{"start":{"line":184,"column":2},"end":{"line":189,"column":3}},"71":{"start":{"line":185,"column":25},"end":{"line":185,"column":101}},"72":{"start":{"line":185,"column":55},"end":{"line":185,"column":90}},"73":{"start":{"line":186,"column":4},"end":{"line":186,"column":34}},"74":{"start":{"line":188,"column":4},"end":{"line":188,"column":33}},"75":{"start":{"line":190,"column":2},"end":{"line":190,"column":17}},"76":{"start":{"line":194,"column":2},"end":{"line":199,"column":3}},"77":{"start":{"line":195,"column":4},"end":{"line":198,"column":11}},"78":{"start":{"line":196,"column":6},"end":{"line":196,"column":23}},"79":{"start":{"line":197,"column":6},"end":{"line":197,"column":17}},"80":{"start":{"line":200,"column":2},"end":{"line":200,"column":17}},"81":{"start":{"line":205,"column":2},"end":{"line":209,"column":3}},"82":{"start":{"line":206,"column":4},"end":{"line":206,"column":64}},"83":{"start":{"line":208,"column":4},"end":{"line":208,"column":19}},"84":{"start":{"line":210,"column":2},"end":{"line":210,"column":17}},"85":{"start":{"line":214,"column":2},"end":{"line":230,"column":3}},"86":{"start":{"line":215,"column":20},"end":{"line":215,"column":40}},"87":{"start":{"line":217,"column":4},"end":{"line":221,"column":7}},"88":{"start":{"line":218,"column":20},"end":{"line":218,"column":45}},"89":{"start":{"line":219,"column":6},"end":{"line":219,"column":53}},"90":{"start":{"line":220,"column":6},"end":{"line":220,"column":21}},"91":{"start":{"line":223,"column":4},"end":{"line":223,"column":52}},"92":{"start":{"line":225,"column":4},"end":{"line":225,"column":48}},"93":{"start":{"line":226,"column":4},"end":{"line":226,"column":57}},"94":{"start":{"line":228,"column":4},"end":{"line":228,"column":25}},"95":{"start":{"line":229,"column":4},"end":{"line":229,"column":51}},"96":{"start":{"line":235,"column":2},"end":{"line":235,"column":53}},"97":{"start":{"line":235,"column":33},"end":{"line":235,"column":48}},"98":{"start":{"line":239,"column":2},"end":{"line":253,"column":3}},"99":{"start":{"line":240,"column":15},"end":{"line":240,"column":79}},"100":{"start":{"line":242,"column":4},"end":{"line":244,"column":5}},"101":{"start":{"line":243,"column":6},"end":{"line":243,"column":80}},"102":{"start":{"line":246,"column":23},"end":{"line":246,"column":55}},"103":{"start":{"line":247,"column":4},"end":{"line":247,"column":47}},"104":{"start":{"line":249,"column":4},"end":{"line":249,"column":68}},"105":{"start":{"line":251,"column":4},"end":{"line":251,"column":25}},"106":{"start":{"line":252,"column":4},"end":{"line":252,"column":57}},"107":{"start":{"line":258,"column":2},"end":{"line":258,"column":57}},"108":{"start":{"line":259,"column":2},"end":{"line":261,"column":3}},"109":{"start":{"line":260,"column":4},"end":{"line":260,"column":21}},"110":{"start":{"line":265,"column":2},"end":{"line":282,"column":3}},"111":{"start":{"line":266,"column":23},"end":{"line":266,"column":31}},"112":{"start":{"line":267,"column":21},"end":{"line":267,"column":40}},"113":{"start":{"line":268,"column":22},"end":{"line":268,"column":65}},"114":{"start":{"line":270,"column":4},"end":{"line":272,"column":5}},"115":{"start":{"line":271,"column":6},"end":{"line":271,"column":52}},"116":{"start":{"line":274,"column":4},"end":{"line":274,"column":47}},"117":{"start":{"line":275,"column":4},"end":{"line":275,"column":69}},"118":{"start":{"line":277,"column":4},"end":{"line":277,"column":27}},"119":{"start":{"line":278,"column":4},"end":{"line":278,"column":58}},"120":{"start":{"line":280,"column":4},"end":{"line":280,"column":25}},"121":{"start":{"line":281,"column":4},"end":{"line":281,"column":60}},"122":{"start":{"line":287,"column":2},"end":{"line":302,"column":3}},"123":{"start":{"line":288,"column":65},"end":{"line":288,"column":75}},"124":{"start":{"line":289,"column":21},"end":{"line":289,"column":67}},"125":{"start":{"line":291,"column":4},"end":{"line":295,"column":5}},"126":{"start":{"line":292,"column":6},"end":{"line":292,"column":72}},"127":{"start":{"line":294,"column":6},"end":{"line":294,"column":49}},"128":{"start":{"line":297,"column":4},"end":{"line":297,"column":54}},"129":{"start":{"line":298,"column":4},"end":{"line":298,"column":63}},"130":{"start":{"line":300,"column":4},"end":{"line":300,"column":49}},"131":{"start":{"line":301,"column":4},"end":{"line":301,"column":60}},"132":{"start":{"line":306,"column":2},"end":{"line":306,"column":52}},"133":{"start":{"line":310,"column":2},"end":{"line":310,"column":55}},"134":{"start":{"line":311,"column":2},"end":{"line":313,"column":3}},"135":{"start":{"line":312,"column":4},"end":{"line":312,"column":31}},"136":{"start":{"line":314,"column":2},"end":{"line":314,"column":41}},"137":{"start":{"line":315,"column":19},"end":{"line":315,"column":23}},"138":{"start":{"line":316,"column":2},"end":{"line":316,"column":75}},"139":{"start":{"line":320,"column":2},"end":{"line":320,"column":53}},"140":{"start":{"line":321,"column":14},"end":{"line":321,"column":35}},"141":{"start":{"line":322,"column":2},"end":{"line":328,"column":3}},"142":{"start":{"line":323,"column":4},"end":{"line":323,"column":47}},"143":{"start":{"line":324,"column":4},"end":{"line":324,"column":68}},"144":{"start":{"line":325,"column":4},"end":{"line":327,"column":5}},"145":{"start":{"line":326,"column":6},"end":{"line":326,"column":35}},"146":{"start":{"line":332,"column":2},"end":{"line":341,"column":3}},"147":{"start":{"line":333,"column":4},"end":{"line":337,"column":6}},"148":{"start":{"line":338,"column":4},"end":{"line":338,"column":92}},"149":{"start":{"line":340,"column":4},"end":{"line":340,"column":57}}},"fnMap":{"0":{"name":"validateUserInfo","decl":{"start":{"line":12,"column":15},"end":{"line":12,"column":31}},"loc":{"start":{"line":12,"column":52},"end":{"line":24,"column":1}},"line":12},"1":{"name":"findUserByUsername","decl":{"start":{"line":26,"column":15},"end":{"line":26,"column":33}},"loc":{"start":{"line":26,"column":44},"end":{"line":28,"column":1}},"line":26},"2":{"name":"comparePassword","decl":{"start":{"line":30,"column":15},"end":{"line":30,"column":30}},"loc":{"start":{"line":30,"column":57},"end":{"line":32,"column":1}},"line":30},"3":{"name":"generateToken","decl":{"start":{"line":34,"column":15},"end":{"line":34,"column":28}},"loc":{"start":{"line":34,"column":47},"end":{"line":43,"column":1}},"line":34},"4":{"name":"getUsers","decl":{"start":{"line":45,"column":15},"end":{"line":45,"column":23}},"loc":{"start":{"line":45,"column":26},"end":{"line":47,"column":1}},"line":45},"5":{"name":"checkUserCredentials","decl":{"start":{"line":49,"column":15},"end":{"line":49,"column":35}},"loc":{"start":{"line":49,"column":67},"end":{"line":60,"column":1}},"line":49},"6":{"name":"prepareUserData","decl":{"start":{"line":62,"column":15},"end":{"line":62,"column":30}},"loc":{"start":{"line":62,"column":42},"end":{"line":73,"column":1}},"line":62},"7":{"name":"validateUser","decl":{"start":{"line":75,"column":15},"end":{"line":75,"column":27}},"loc":{"start":{"line":75,"column":38},"end":{"line":97,"column":1}},"line":75},"8":{"name":"validateAndCreateUser","decl":{"start":{"line":99,"column":15},"end":{"line":99,"column":36}},"loc":{"start":{"line":99,"column":71},"end":{"line":106,"column":1}},"line":99},"9":{"name":"createJwtToken","decl":{"start":{"line":108,"column":15},"end":{"line":108,"column":29}},"loc":{"start":{"line":108,"column":36},"end":{"line":122,"column":1}},"line":108},"10":{"name":"registerUser","decl":{"start":{"line":124,"column":15},"end":{"line":124,"column":27}},"loc":{"start":{"line":124,"column":38},"end":{"line":136,"column":1}},"line":124},"11":{"name":"logoutUser","decl":{"start":{"line":139,"column":15},"end":{"line":139,"column":25}},"loc":{"start":{"line":139,"column":36},"end":{"line":152,"column":1}},"line":139},"12":{"name":"acknowledgeUser","decl":{"start":{"line":154,"column":15},"end":{"line":154,"column":30}},"loc":{"start":{"line":154,"column":42},"end":{"line":162,"column":1}},"line":154},"13":{"name":"UserAcknowledged","decl":{"start":{"line":164,"column":15},"end":{"line":164,"column":31}},"loc":{"start":{"line":164,"column":42},"end":{"line":180,"column":1}},"line":164},"14":{"name":"extractLatestStatusforUsers","decl":{"start":{"line":183,"column":9},"end":{"line":183,"column":36}},"loc":{"start":{"line":183,"column":46},"end":{"line":191,"column":1}},"line":183},"15":{"name":"(anonymous_15)","decl":{"start":{"line":185,"column":45},"end":{"line":185,"column":46}},"loc":{"start":{"line":185,"column":55},"end":{"line":185,"column":90}},"line":185},"16":{"name":"serializeChatChecked","decl":{"start":{"line":193,"column":9},"end":{"line":193,"column":29}},"loc":{"start":{"line":193,"column":39},"end":{"line":201,"column":1}},"line":193},"17":{"name":"(anonymous_17)","decl":{"start":{"line":195,"column":65},"end":{"line":195,"column":66}},"loc":{"start":{"line":195,"column":88},"end":{"line":198,"column":5}},"line":195},"18":{"name":"convertToUserObject","decl":{"start":{"line":203,"column":9},"end":{"line":203,"column":28}},"loc":{"start":{"line":203,"column":35},"end":{"line":211,"column":1}},"line":203},"19":{"name":"getUser","decl":{"start":{"line":213,"column":15},"end":{"line":213,"column":22}},"loc":{"start":{"line":213,"column":33},"end":{"line":231,"column":1}},"line":213},"20":{"name":"(anonymous_20)","decl":{"start":{"line":217,"column":30},"end":{"line":217,"column":31}},"loc":{"start":{"line":217,"column":38},"end":{"line":221,"column":5}},"line":217},"21":{"name":"extractLatestStatus","decl":{"start":{"line":234,"column":9},"end":{"line":234,"column":28}},"loc":{"start":{"line":234,"column":39},"end":{"line":236,"column":1}},"line":234},"22":{"name":"(anonymous_22)","decl":{"start":{"line":235,"column":23},"end":{"line":235,"column":24}},"loc":{"start":{"line":235,"column":33},"end":{"line":235,"column":48}},"line":235},"23":{"name":"getOneStatus","decl":{"start":{"line":238,"column":15},"end":{"line":238,"column":27}},"loc":{"start":{"line":238,"column":38},"end":{"line":254,"column":1}},"line":238},"24":{"name":"updateStatusList","decl":{"start":{"line":257,"column":9},"end":{"line":257,"column":25}},"loc":{"start":{"line":257,"column":47},"end":{"line":262,"column":1}},"line":257},"25":{"name":"updateOneStatus","decl":{"start":{"line":264,"column":15},"end":{"line":264,"column":30}},"loc":{"start":{"line":264,"column":41},"end":{"line":283,"column":1}},"line":264},"26":{"name":"updateChatChecked","decl":{"start":{"line":286,"column":15},"end":{"line":286,"column":32}},"loc":{"start":{"line":286,"column":43},"end":{"line":303,"column":1}},"line":286},"27":{"name":"getRoomName","decl":{"start":{"line":305,"column":9},"end":{"line":305,"column":20}},"loc":{"start":{"line":305,"column":46},"end":{"line":307,"column":1}},"line":305},"28":{"name":"handleUserJoin","decl":{"start":{"line":309,"column":15},"end":{"line":309,"column":29}},"loc":{"start":{"line":309,"column":65},"end":{"line":317,"column":1}},"line":309},"29":{"name":"handleUserLeave","decl":{"start":{"line":319,"column":9},"end":{"line":319,"column":24}},"loc":{"start":{"line":319,"column":47},"end":{"line":329,"column":1}},"line":319},"30":{"name":"updateUserChatChecked","decl":{"start":{"line":331,"column":15},"end":{"line":331,"column":36}},"loc":{"start":{"line":331,"column":80},"end":{"line":342,"column":1}},"line":331}},"branchMap":{"0":{"loc":{"start":{"line":17,"column":2},"end":{"line":23,"column":3}},"type":"if","locations":[{"start":{"line":17,"column":2},"end":{"line":23,"column":3}},{"start":{"line":19,"column":9},"end":{"line":23,"column":3}}],"line":17},"1":{"loc":{"start":{"line":17,"column":6},"end":{"line":17,"column":63}},"type":"binary-expr","locations":[{"start":{"line":17,"column":6},"end":{"line":17,"column":25}},{"start":{"line":17,"column":29},"end":{"line":17,"column":63}}],"line":17},"2":{"loc":{"start":{"line":19,"column":9},"end":{"line":23,"column":3}},"type":"if","locations":[{"start":{"line":19,"column":9},"end":{"line":23,"column":3}},{"start":{"line":21,"column":9},"end":{"line":23,"column":3}}],"line":19},"3":{"loc":{"start":{"line":50,"column":2},"end":{"line":52,"column":3}},"type":"if","locations":[{"start":{"line":50,"column":2},"end":{"line":52,"column":3}},{"start":{},"end":{}}],"line":50},"4":{"loc":{"start":{"line":55,"column":2},"end":{"line":57,"column":3}},"type":"if","locations":[{"start":{"line":55,"column":2},"end":{"line":57,"column":3}},{"start":{},"end":{}}],"line":55},"5":{"loc":{"start":{"line":81,"column":4},"end":{"line":84,"column":5}},"type":"if","locations":[{"start":{"line":81,"column":4},"end":{"line":84,"column":5}},{"start":{},"end":{}}],"line":81},"6":{"loc":{"start":{"line":100,"column":2},"end":{"line":102,"column":3}},"type":"if","locations":[{"start":{"line":100,"column":2},"end":{"line":102,"column":3}},{"start":{},"end":{}}],"line":100},"7":{"loc":{"start":{"line":143,"column":4},"end":{"line":148,"column":5}},"type":"if","locations":[{"start":{"line":143,"column":4},"end":{"line":148,"column":5}},{"start":{"line":146,"column":11},"end":{"line":148,"column":5}}],"line":143},"8":{"loc":{"start":{"line":155,"column":2},"end":{"line":157,"column":3}},"type":"if","locations":[{"start":{"line":155,"column":2},"end":{"line":157,"column":3}},{"start":{},"end":{}}],"line":155},"9":{"loc":{"start":{"line":171,"column":4},"end":{"line":173,"column":5}},"type":"if","locations":[{"start":{"line":171,"column":4},"end":{"line":173,"column":5}},{"start":{},"end":{}}],"line":171},"10":{"loc":{"start":{"line":184,"column":2},"end":{"line":189,"column":3}},"type":"if","locations":[{"start":{"line":184,"column":2},"end":{"line":189,"column":3}},{"start":{"line":187,"column":9},"end":{"line":189,"column":3}}],"line":184},"11":{"loc":{"start":{"line":184,"column":6},"end":{"line":184,"column":49}},"type":"binary-expr","locations":[{"start":{"line":184,"column":6},"end":{"line":184,"column":20}},{"start":{"line":184,"column":24},"end":{"line":184,"column":49}}],"line":184},"12":{"loc":{"start":{"line":194,"column":2},"end":{"line":199,"column":3}},"type":"if","locations":[{"start":{"line":194,"column":2},"end":{"line":199,"column":3}},{"start":{},"end":{}}],"line":194},"13":{"loc":{"start":{"line":194,"column":6},"end":{"line":194,"column":63}},"type":"binary-expr","locations":[{"start":{"line":194,"column":6},"end":{"line":194,"column":25}},{"start":{"line":194,"column":29},"end":{"line":194,"column":63}}],"line":194},"14":{"loc":{"start":{"line":205,"column":2},"end":{"line":209,"column":3}},"type":"if","locations":[{"start":{"line":205,"column":2},"end":{"line":209,"column":3}},{"start":{"line":207,"column":9},"end":{"line":209,"column":3}}],"line":205},"15":{"loc":{"start":{"line":242,"column":4},"end":{"line":244,"column":5}},"type":"if","locations":[{"start":{"line":242,"column":4},"end":{"line":244,"column":5}},{"start":{},"end":{}}],"line":242},"16":{"loc":{"start":{"line":242,"column":8},"end":{"line":242,"column":57}},"type":"binary-expr","locations":[{"start":{"line":242,"column":8},"end":{"line":242,"column":13}},{"start":{"line":242,"column":17},"end":{"line":242,"column":29}},{"start":{"line":242,"column":33},"end":{"line":242,"column":57}}],"line":242},"17":{"loc":{"start":{"line":259,"column":2},"end":{"line":261,"column":3}},"type":"if","locations":[{"start":{"line":259,"column":2},"end":{"line":261,"column":3}},{"start":{},"end":{}}],"line":259},"18":{"loc":{"start":{"line":270,"column":4},"end":{"line":272,"column":5}},"type":"if","locations":[{"start":{"line":270,"column":4},"end":{"line":272,"column":5}},{"start":{},"end":{}}],"line":270},"19":{"loc":{"start":{"line":291,"column":4},"end":{"line":295,"column":5}},"type":"if","locations":[{"start":{"line":291,"column":4},"end":{"line":295,"column":5}},{"start":{"line":293,"column":11},"end":{"line":295,"column":5}}],"line":291},"20":{"loc":{"start":{"line":311,"column":2},"end":{"line":313,"column":3}},"type":"if","locations":[{"start":{"line":311,"column":2},"end":{"line":313,"column":3}},{"start":{},"end":{}}],"line":311},"21":{"loc":{"start":{"line":322,"column":2},"end":{"line":328,"column":3}},"type":"if","locations":[{"start":{"line":322,"column":2},"end":{"line":328,"column":3}},{"start":{},"end":{}}],"line":322},"22":{"loc":{"start":{"line":322,"column":6},"end":{"line":322,"column":41}},"type":"binary-expr","locations":[{"start":{"line":322,"column":6},"end":{"line":322,"column":11}},{"start":{"line":322,"column":15},"end":{"line":322,"column":41}}],"line":322},"23":{"loc":{"start":{"line":325,"column":4},"end":{"line":327,"column":5}},"type":"if","locations":[{"start":{"line":325,"column":4},"end":{"line":327,"column":5}},{"start":{},"end":{}}],"line":325}},"s":{"0":15,"1":15,"2":15,"3":5,"4":10,"5":1,"6":9,"7":5,"8":3,"9":2,"10":1,"11":4,"12":1,"13":3,"14":3,"15":1,"16":2,"17":2,"18":1,"19":1,"20":5,"21":5,"22":5,"23":4,"24":4,"25":2,"26":2,"27":2,"28":2,"29":1,"30":2,"31":2,"32":5,"33":2,"34":3,"35":3,"36":2,"37":2,"38":2,"39":1,"40":1,"41":5,"42":5,"43":5,"44":2,"45":1,"46":1,"47":4,"48":4,"49":3,"50":3,"51":3,"52":2,"53":1,"54":1,"55":1,"56":2,"57":1,"58":1,"59":1,"60":1,"61":3,"62":3,"63":3,"64":2,"65":2,"66":1,"67":1,"68":1,"69":1,"70":3,"71":2,"72":0,"73":2,"74":1,"75":3,"76":3,"77":0,"78":0,"79":0,"80":3,"81":3,"82":3,"83":0,"84":3,"85":3,"86":3,"87":2,"88":3,"89":3,"90":3,"91":2,"92":2,"93":2,"94":1,"95":1,"96":0,"97":0,"98":0,"99":0,"100":0,"101":0,"102":0,"103":0,"104":0,"105":0,"106":0,"107":0,"108":0,"109":0,"110":0,"111":0,"112":0,"113":0,"114":0,"115":0,"116":0,"117":0,"118":0,"119":0,"120":0,"121":0,"122":0,"123":0,"124":0,"125":0,"126":0,"127":0,"128":0,"129":0,"130":0,"131":0,"132":0,"133":0,"134":0,"135":0,"136":0,"137":0,"138":0,"139":0,"140":0,"141":0,"142":0,"143":0,"144":0,"145":0,"146":0,"147":0,"148":0,"149":0},"f":{"0":15,"1":5,"2":3,"3":2,"4":1,"5":4,"6":2,"7":5,"8":5,"9":2,"10":5,"11":3,"12":2,"13":3,"14":3,"15":0,"16":3,"17":0,"18":3,"19":3,"20":3,"21":0,"22":0,"23":0,"24":0,"25":0,"26":0,"27":0,"28":0,"29":0,"30":0},"b":{"0":[5,10],"1":[15,12],"2":[1,9],"3":[1,3],"4":[1,2],"5":[2,2],"6":[2,3],"7":[1,1],"8":[1,1],"9":[1,1],"10":[2,1],"11":[3,3],"12":[0,3],"13":[3,0],"14":[3,0],"15":[0,0],"16":[0,0,0],"17":[0,0],"18":[0,0],"19":[0,0],"20":[0,0],"21":[0,0],"22":[0,0],"23":[0,0]},"_coverageSchema":"1a1c01bbd47fc00a2c39e90264f33305004495a9","hash":"8af7f9af595ba372594407ff1693832dc1307290"}
,"/Users/rongxintian/Documents/GitHub/FSE/fse-s24-sb2/dao/DBAccessDAO.js": {"path":"/Users/rongxintian/Documents/GitHub/FSE/fse-s24-sb2/dao/DBAccessDAO.js","statementMap":{"0":{"start":{"line":4,"column":26},"end":{"line":6,"column":3}},"1":{"start":{"line":5,"column":4},"end":{"line":5,"column":40}},"2":{"start":{"line":8,"column":26},"end":{"line":10,"column":3}},"3":{"start":{"line":9,"column":4},"end":{"line":9,"column":52}},"4":{"start":{"line":12,"column":31},"end":{"line":14,"column":3}},"5":{"start":{"line":13,"column":4},"end":{"line":13,"column":38}}},"fnMap":{"0":{"name":"(anonymous_0)","decl":{"start":{"line":4,"column":26},"end":{"line":4,"column":27}},"loc":{"start":{"line":4,"column":46},"end":{"line":6,"column":3}},"line":4},"1":{"name":"(anonymous_1)","decl":{"start":{"line":8,"column":26},"end":{"line":8,"column":27}},"loc":{"start":{"line":8,"column":46},"end":{"line":10,"column":3}},"line":8},"2":{"name":"(anonymous_2)","decl":{"start":{"line":12,"column":31},"end":{"line":12,"column":32}},"loc":{"start":{"line":12,"column":43},"end":{"line":14,"column":3}},"line":12}},"branchMap":{},"s":{"0":9,"1":0,"2":9,"3":0,"4":9,"5":0},"f":{"0":0,"1":0,"2":0},"b":{},"_coverageSchema":"1a1c01bbd47fc00a2c39e90264f33305004495a9","hash":"f572986b01227aec7f98b26d459f805a4ce1dbb9"}
,"/Users/rongxintian/Documents/GitHub/FSE/fse-s24-sb2/models/Announcements.js": {"path":"/Users/rongxintian/Documents/GitHub/FSE/fse-s24-sb2/models/Announcements.js","statementMap":{"0":{"start":{"line":3,"column":27},"end":{"line":8,"column":2}},"1":{"start":{"line":10,"column":20},"end":{"line":10,"column":71}},"2":{"start":{"line":13,"column":4},"end":{"line":20,"column":5}},"3":{"start":{"line":14,"column":30},"end":{"line":14,"column":58}},"4":{"start":{"line":15,"column":8},"end":{"line":15,"column":29}},"5":{"start":{"line":18,"column":8},"end":{"line":18,"column":62}},"6":{"start":{"line":19,"column":8},"end":{"line":19,"column":20}}},"fnMap":{"0":{"name":"findAllAnnouncements","decl":{"start":{"line":12,"column":15},"end":{"line":12,"column":35}},"loc":{"start":{"line":12,"column":38},"end":{"line":21,"column":3}},"line":12}},"branchMap":{},"s":{"0":10,"1":10,"2":12,"3":12,"4":12,"5":0,"6":0},"f":{"0":12},"b":{},"_coverageSchema":"1a1c01bbd47fc00a2c39e90264f33305004495a9","hash":"f668741fc6780e5003d686543ec5d0e4ed231248"}
,"/Users/rongxintian/Documents/GitHub/FSE/fse-s24-sb2/models/TrainExercise.js": {"path":"/Users/rongxintian/Documents/GitHub/FSE/fse-s24-sb2/models/TrainExercise.js","statementMap":{"0":{"start":{"line":3,"column":27},"end":{"line":17,"column":1}},"1":{"start":{"line":19,"column":22},"end":{"line":37,"column":1}},"2":{"start":{"line":39,"column":23},"end":{"line":73,"column":2}},"3":{"start":{"line":75,"column":0},"end":{"line":78,"column":2}},"4":{"start":{"line":76,"column":21},"end":{"line":76,"column":61}},"5":{"start":{"line":77,"column":2},"end":{"line":77,"column":68}},"6":{"start":{"line":80,"column":0},"end":{"line":83,"column":2}},"7":{"start":{"line":81,"column":21},"end":{"line":81,"column":61}},"8":{"start":{"line":82,"column":2},"end":{"line":82,"column":71}},"9":{"start":{"line":85,"column":0},"end":{"line":89,"column":1}},"10":{"start":{"line":86,"column":15},"end":{"line":86,"column":68}},"11":{"start":{"line":86,"column":41},"end":{"line":86,"column":67}},"12":{"start":{"line":87,"column":18},"end":{"line":87,"column":80}},"13":{"start":{"line":87,"column":50},"end":{"line":87,"column":79}},"14":{"start":{"line":88,"column":2},"end":{"line":88,"column":26}},"15":{"start":{"line":91,"column":0},"end":{"line":91,"column":48}},"16":{"start":{"line":92,"column":0},"end":{"line":92,"column":50}},"17":{"start":{"line":94,"column":16},"end":{"line":94,"column":59}}},"fnMap":{"0":{"name":"(anonymous_0)","decl":{"start":{"line":75,"column":39},"end":{"line":75,"column":40}},"loc":{"start":{"line":75,"column":51},"end":{"line":78,"column":1}},"line":75},"1":{"name":"(anonymous_1)","decl":{"start":{"line":80,"column":42},"end":{"line":80,"column":43}},"loc":{"start":{"line":80,"column":54},"end":{"line":83,"column":1}},"line":80},"2":{"name":"(anonymous_2)","decl":{"start":{"line":85,"column":38},"end":{"line":85,"column":39}},"loc":{"start":{"line":85,"column":58},"end":{"line":89,"column":1}},"line":85},"3":{"name":"(anonymous_3)","decl":{"start":{"line":86,"column":31},"end":{"line":86,"column":32}},"loc":{"start":{"line":86,"column":41},"end":{"line":86,"column":67}},"line":86},"4":{"name":"(anonymous_4)","decl":{"start":{"line":87,"column":37},"end":{"line":87,"column":38}},"loc":{"start":{"line":87,"column":50},"end":{"line":87,"column":79}},"line":87}},"branchMap":{"0":{"loc":{"start":{"line":77,"column":9},"end":{"line":77,"column":68}},"type":"cond-expr","locations":[{"start":{"line":77,"column":26},"end":{"line":77,"column":64}},{"start":{"line":77,"column":67},"end":{"line":77,"column":68}}],"line":77},"1":{"loc":{"start":{"line":82,"column":9},"end":{"line":82,"column":71}},"type":"cond-expr","locations":[{"start":{"line":82,"column":26},"end":{"line":82,"column":67}},{"start":{"line":82,"column":70},"end":{"line":82,"column":71}}],"line":82}},"s":{"0":9,"1":9,"2":9,"3":9,"4":10,"5":10,"6":9,"7":10,"8":10,"9":9,"10":0,"11":0,"12":0,"13":0,"14":0,"15":9,"16":9,"17":9},"f":{"0":10,"1":10,"2":0,"3":0,"4":0},"b":{"0":[3,7],"1":[3,7]},"_coverageSchema":"1a1c01bbd47fc00a2c39e90264f33305004495a9","hash":"19a38354946189ebb49290ec8bae989566c2b80d"}
,"/Users/rongxintian/Documents/GitHub/FSE/fse-s24-sb2/models/Users.js": {"path":"/Users/rongxintian/Documents/GitHub/FSE/fse-s24-sb2/models/Users.js","statementMap":{"0":{"start":{"line":4,"column":26},"end":{"line":7,"column":18}},"1":{"start":{"line":9,"column":19},"end":{"line":21,"column":2}},"2":{"start":{"line":23,"column":0},"end":{"line":27,"column":3}},"3":{"start":{"line":24,"column":2},"end":{"line":24,"column":50}},"4":{"start":{"line":24,"column":36},"end":{"line":24,"column":50}},"5":{"start":{"line":25,"column":2},"end":{"line":25,"column":52}},"6":{"start":{"line":26,"column":2},"end":{"line":26,"column":9}},"7":{"start":{"line":30,"column":15},"end":{"line":30,"column":39}},"8":{"start":{"line":31,"column":2},"end":{"line":31,"column":37}},"9":{"start":{"line":35,"column":2},"end":{"line":35,"column":26}},"10":{"start":{"line":38,"column":14},"end":{"line":38,"column":49}},"11":{"start":{"line":41,"column":2},"end":{"line":46,"column":3}},"12":{"start":{"line":42,"column":4},"end":{"line":42,"column":32}},"13":{"start":{"line":44,"column":4},"end":{"line":44,"column":50}},"14":{"start":{"line":45,"column":4},"end":{"line":45,"column":16}},"15":{"start":{"line":50,"column":2},"end":{"line":59,"column":3}},"16":{"start":{"line":51,"column":17},"end":{"line":51,"column":50}},"17":{"start":{"line":52,"column":4},"end":{"line":54,"column":5}},"18":{"start":{"line":53,"column":6},"end":{"line":53,"column":53}},"19":{"start":{"line":55,"column":4},"end":{"line":55,"column":23}},"20":{"start":{"line":57,"column":4},"end":{"line":57,"column":56}},"21":{"start":{"line":58,"column":4},"end":{"line":58,"column":16}}},"fnMap":{"0":{"name":"(anonymous_0)","decl":{"start":{"line":23,"column":23},"end":{"line":23,"column":24}},"loc":{"start":{"line":23,"column":45},"end":{"line":27,"column":1}},"line":23},"1":{"name":"hashPassword","decl":{"start":{"line":29,"column":15},"end":{"line":29,"column":27}},"loc":{"start":{"line":29,"column":38},"end":{"line":32,"column":1}},"line":29},"2":{"name":"arrayLimit","decl":{"start":{"line":34,"column":9},"end":{"line":34,"column":19}},"loc":{"start":{"line":34,"column":25},"end":{"line":36,"column":1}},"line":34},"3":{"name":"findAllUsers","decl":{"start":{"line":40,"column":15},"end":{"line":40,"column":27}},"loc":{"start":{"line":40,"column":30},"end":{"line":47,"column":1}},"line":40},"4":{"name":"findStatuses","decl":{"start":{"line":49,"column":15},"end":{"line":49,"column":27}},"loc":{"start":{"line":49,"column":38},"end":{"line":60,"column":1}},"line":49}},"branchMap":{"0":{"loc":{"start":{"line":24,"column":2},"end":{"line":24,"column":50}},"type":"if","locations":[{"start":{"line":24,"column":2},"end":{"line":24,"column":50}},{"start":{},"end":{}}],"line":24},"1":{"loc":{"start":{"line":52,"column":4},"end":{"line":54,"column":5}},"type":"if","locations":[{"start":{"line":52,"column":4},"end":{"line":54,"column":5}},{"start":{},"end":{}}],"line":52}},"s":{"0":12,"1":12,"2":12,"3":26,"4":1,"5":25,"6":25,"7":25,"8":25,"9":28,"10":12,"11":8,"12":8,"13":1,"14":1,"15":0,"16":0,"17":0,"18":0,"19":0,"20":0,"21":0},"f":{"0":26,"1":25,"2":28,"3":8,"4":0},"b":{"0":[1,25],"1":[0,0]},"_coverageSchema":"1a1c01bbd47fc00a2c39e90264f33305004495a9","hash":"93d3ff16f63834ddcf2ec2692db4025aeeb8a108"}
,"/Users/rongxintian/Documents/GitHub/FSE/fse-s24-sb2/routes/annoucementRoutes.js": {"path":"/Users/rongxintian/Documents/GitHub/FSE/fse-s24-sb2/routes/annoucementRoutes.js","statementMap":{"0":{"start":{"line":3,"column":15},"end":{"line":3,"column":31}},"1":{"start":{"line":5,"column":0},"end":{"line":5,"column":64}},"2":{"start":{"line":6,"column":0},"end":{"line":6,"column":50}}},"fnMap":{},"branchMap":{},"s":{"0":9,"1":9,"2":9},"f":{},"b":{},"_coverageSchema":"1a1c01bbd47fc00a2c39e90264f33305004495a9","hash":"a2d5f3630239f26d01ee2c983729d1af3b465418"}
,"/Users/rongxintian/Documents/GitHub/FSE/fse-s24-sb2/routes/exerciseRoutes.js": {"path":"/Users/rongxintian/Documents/GitHub/FSE/fse-s24-sb2/routes/exerciseRoutes.js","statementMap":{"0":{"start":{"line":13,"column":15},"end":{"line":13,"column":31}},"1":{"start":{"line":15,"column":0},"end":{"line":15,"column":38}},"2":{"start":{"line":16,"column":0},"end":{"line":16,"column":39}},"3":{"start":{"line":17,"column":0},"end":{"line":17,"column":55}},"4":{"start":{"line":18,"column":0},"end":{"line":18,"column":50}},"5":{"start":{"line":19,"column":0},"end":{"line":19,"column":45}},"6":{"start":{"line":20,"column":0},"end":{"line":20,"column":51}},"7":{"start":{"line":21,"column":0},"end":{"line":21,"column":49}},"8":{"start":{"line":22,"column":0},"end":{"line":22,"column":55}}},"fnMap":{},"branchMap":{},"s":{"0":9,"1":9,"2":9,"3":9,"4":9,"5":9,"6":9,"7":9,"8":9},"f":{},"b":{},"_coverageSchema":"1a1c01bbd47fc00a2c39e90264f33305004495a9","hash":"8636649974f75a5ee40488ea8963ed960e7e3e97"}
,"/Users/rongxintian/Documents/GitHub/FSE/fse-s24-sb2/routes/messageRoutes.js": {"path":"/Users/rongxintian/Documents/GitHub/FSE/fse-s24-sb2/routes/messageRoutes.js","statementMap":{"0":{"start":{"line":4,"column":15},"end":{"line":4,"column":31}},"1":{"start":{"line":6,"column":0},"end":{"line":6,"column":69}},"2":{"start":{"line":7,"column":0},"end":{"line":7,"column":67}}},"fnMap":{},"branchMap":{},"s":{"0":9,"1":9,"2":9},"f":{},"b":{},"_coverageSchema":"1a1c01bbd47fc00a2c39e90264f33305004495a9","hash":"9e281d8e44a1d2ac50936f0ebfd1a35ac21f4856"}
,"/Users/rongxintian/Documents/GitHub/FSE/fse-s24-sb2/routes/searchRoutes.js": {"path":"/Users/rongxintian/Documents/GitHub/FSE/fse-s24-sb2/routes/searchRoutes.js","statementMap":{"0":{"start":{"line":3,"column":15},"end":{"line":3,"column":31}},"1":{"start":{"line":5,"column":0},"end":{"line":5,"column":91}}},"fnMap":{},"branchMap":{},"s":{"0":9,"1":9},"f":{},"b":{},"_coverageSchema":"1a1c01bbd47fc00a2c39e90264f33305004495a9","hash":"5a7c2b8ae80b13b17c8da4c706c16037b8cb90bf"}
,"/Users/rongxintian/Documents/GitHub/FSE/fse-s24-sb2/routes/speedTestRoutes.js": {"path":"/Users/rongxintian/Documents/GitHub/FSE/fse-s24-sb2/routes/speedTestRoutes.js","statementMap":{"0":{"start":{"line":3,"column":15},"end":{"line":3,"column":31}},"1":{"start":{"line":5,"column":0},"end":{"line":5,"column":42}},"2":{"start":{"line":6,"column":0},"end":{"line":6,"column":45}}},"fnMap":{},"branchMap":{},"s":{"0":9,"1":9,"2":9},"f":{},"b":{},"_coverageSchema":"1a1c01bbd47fc00a2c39e90264f33305004495a9","hash":"a3295285db4372bada6d468c09465f211fc474e9"}
,"/Users/rongxintian/Documents/GitHub/FSE/fse-s24-sb2/routes/userRoutes.js": {"path":"/Users/rongxintian/Documents/GitHub/FSE/fse-s24-sb2/routes/userRoutes.js","statementMap":{"0":{"start":{"line":3,"column":15},"end":{"line":3,"column":31}},"1":{"start":{"line":5,"column":0},"end":{"line":5,"column":43}},"2":{"start":{"line":6,"column":0},"end":{"line":6,"column":36}},"3":{"start":{"line":7,"column":0},"end":{"line":7,"column":34}},"4":{"start":{"line":8,"column":0},"end":{"line":8,"column":49}},"5":{"start":{"line":9,"column":0},"end":{"line":9,"column":30}},"6":{"start":{"line":10,"column":0},"end":{"line":10,"column":46}},"7":{"start":{"line":11,"column":0},"end":{"line":11,"column":49}},"8":{"start":{"line":12,"column":0},"end":{"line":12,"column":90}}},"fnMap":{},"branchMap":{},"s":{"0":9,"1":9,"2":9,"3":9,"4":9,"5":9,"6":9,"7":9,"8":9},"f":{},"b":{},"_coverageSchema":"1a1c01bbd47fc00a2c39e90264f33305004495a9","hash":"7899e352d4adc94270998bf7185b2c091e1a9fa2"}
}
