TN:
SF:controllers/exerciseController.js
FN:6,getExercises
FN:16,getExerciseById
FN:56,postExercise
FN:70,addComment
FN:98,handleLike
FN:140,handleDislike
FN:182,handleUnlike
FN:221,handleUndislike
FNF:8
FNH:8
FNDA:1,getExercises
FNDA:2,getExerciseById
FNDA:1,postExercise
FNDA:1,addComment
FNDA:2,handleLike
FNDA:2,handleDislike
FNDA:2,handleUnlike
FNDA:2,handleUndislike
DA:7,1
DA:8,1
DA:9,1
DA:11,0
DA:12,0
DA:17,2
DA:18,2
DA:19,2
DA:20,2
DA:21,0
DA:24,2
DA:31,2
DA:32,1
DA:34,1
DA:35,0
DA:38,1
DA:43,1
DA:44,1
DA:46,1
DA:48,1
DA:51,0
DA:52,0
DA:57,1
DA:59,1
DA:60,1
DA:61,1
DA:62,1
DA:63,1
DA:65,0
DA:66,0
DA:71,1
DA:72,1
DA:74,1
DA:75,1
DA:77,1
DA:78,0
DA:81,1
DA:87,1
DA:88,1
DA:90,1
DA:91,1
DA:93,0
DA:94,0
DA:99,2
DA:100,2
DA:102,2
DA:103,2
DA:104,2
DA:106,2
DA:107,0
DA:110,2
DA:111,1
DA:114,1
DA:115,1
DA:116,1
DA:117,0
DA:119,1
DA:122,1
DA:123,1
DA:125,1
DA:126,1
DA:128,1
DA:135,0
DA:136,0
DA:141,2
DA:142,2
DA:144,2
DA:145,2
DA:146,2
DA:148,2
DA:149,0
DA:152,2
DA:153,1
DA:156,1
DA:157,1
DA:158,1
DA:159,1
DA:161,1
DA:164,1
DA:165,1
DA:167,1
DA:168,1
DA:170,1
DA:177,0
DA:178,0
DA:183,2
DA:184,2
DA:186,2
DA:187,2
DA:188,2
DA:190,2
DA:191,0
DA:194,2
DA:195,1
DA:198,1
DA:199,1
DA:200,1
DA:203,1
DA:204,1
DA:206,1
DA:207,1
DA:209,1
DA:216,0
DA:217,0
DA:222,2
DA:223,2
DA:225,2
DA:226,2
DA:227,2
DA:229,2
DA:230,0
DA:233,2
DA:234,1
DA:237,1
DA:238,1
DA:239,1
DA:242,1
DA:243,1
DA:245,1
DA:246,1
DA:248,1
DA:255,0
DA:256,0
LF:123
LH:99
BRDA:20,0,0,0
BRDA:20,0,1,2
BRDA:31,1,0,1
BRDA:31,1,1,1
BRDA:34,2,0,0
BRDA:34,2,1,1
BRDA:77,3,0,0
BRDA:77,3,1,1
BRDA:106,4,0,0
BRDA:106,4,1,2
BRDA:110,5,0,1
BRDA:110,5,1,1
BRDA:114,6,0,1
BRDA:114,6,1,0
BRDA:116,7,0,0
BRDA:116,7,1,1
BRDA:148,8,0,0
BRDA:148,8,1,2
BRDA:152,9,0,1
BRDA:152,9,1,1
BRDA:156,10,0,1
BRDA:156,10,1,0
BRDA:158,11,0,1
BRDA:158,11,1,0
BRDA:190,12,0,0
BRDA:190,12,1,2
BRDA:194,13,0,1
BRDA:194,13,1,1
BRDA:198,14,0,1
BRDA:198,14,1,0
BRDA:229,15,0,0
BRDA:229,15,1,2
BRDA:233,16,0,1
BRDA:233,16,1,1
BRDA:237,17,0,1
BRDA:237,17,1,0
BRF:36
BRH:23
end_of_record
TN:
SF:controllers/searchController.js
FN:5,validateCriteria
FN:15,getSearchResults
FN:31,extractParameters
FN:41,prepareResults
FN:53,paginateResults
FN:69,isInvalidPageNumber
FN:73,calculatePaginationDetails
FNF:7
FNH:7
FNDA:22,validateCriteria
FNDA:21,getSearchResults
FNDA:21,extractParameters
FNDA:20,prepareResults
FNDA:4,paginateResults
FNDA:4,isInvalidPageNumber
FNDA:3,calculatePaginationDetails
DA:6,22
DA:8,22
DA:9,11
DA:11,11
DA:16,21
DA:17,21
DA:18,21
DA:19,20
DA:21,20
DA:22,20
DA:24,20
DA:26,1
DA:27,1
DA:32,21
DA:42,20
DA:43,10
DA:46,10
DA:47,6
DA:50,4
DA:54,4
DA:55,4
DA:56,1
DA:59,3
DA:60,3
DA:62,3
DA:63,2
DA:66,1
DA:70,4
DA:74,3
DA:75,3
DA:76,3
DA:77,3
LF:32
LH:32
BRDA:8,0,0,11
BRDA:8,0,1,11
BRDA:42,1,0,10
BRDA:42,1,1,10
BRDA:46,2,0,6
BRDA:46,2,1,4
BRDA:55,3,0,1
BRDA:55,3,1,3
BRDA:62,4,0,2
BRDA:62,4,1,1
BRDA:70,5,0,4
BRDA:70,5,1,3
BRF:12
BRH:12
end_of_record
TN:
SF:controllers/userController.js
FN:12,validateUserInfo
FN:26,findUserByUsername
FN:30,comparePassword
FN:34,generateToken
FN:45,getUsers
FN:49,checkUserCredentials
FN:62,prepareUserData
FN:75,validateUser
FN:99,validateAndCreateUser
FN:108,createJwtToken
FN:124,registerUser
FN:139,logoutUser
FN:154,acknowledgeUser
FN:164,UserAcknowledged
FN:183,extractLatestStatusforUsers
FN:185,(anonymous_15)
FN:193,serializeChatChecked
FN:195,(anonymous_17)
FN:203,convertToUserObject
FN:213,getUser
FN:217,(anonymous_20)
FN:234,extractLatestStatus
FN:235,(anonymous_22)
FN:238,getOneStatus
FN:257,updateStatusList
FN:264,updateOneStatus
FN:286,updateChatChecked
FN:305,getRoomName
FN:309,handleUserJoin
FN:319,handleUserLeave
FN:331,updateUserChatChecked
FNF:31
FNH:19
FNDA:15,validateUserInfo
FNDA:5,findUserByUsername
FNDA:3,comparePassword
FNDA:2,generateToken
FNDA:1,getUsers
FNDA:4,checkUserCredentials
FNDA:2,prepareUserData
FNDA:5,validateUser
FNDA:5,validateAndCreateUser
FNDA:2,createJwtToken
FNDA:5,registerUser
FNDA:3,logoutUser
FNDA:2,acknowledgeUser
FNDA:3,UserAcknowledged
FNDA:3,extractLatestStatusforUsers
FNDA:0,(anonymous_15)
FNDA:3,serializeChatChecked
FNDA:0,(anonymous_17)
FNDA:3,convertToUserObject
FNDA:3,getUser
FNDA:3,(anonymous_20)
FNDA:0,extractLatestStatus
FNDA:0,(anonymous_22)
FNDA:0,getOneStatus
FNDA:0,updateStatusList
FNDA:0,updateOneStatus
FNDA:0,updateChatChecked
FNDA:0,getRoomName
FNDA:0,handleUserJoin
FNDA:0,handleUserLeave
FNDA:0,updateUserChatChecked
DA:13,15
DA:15,15
DA:17,15
DA:18,5
DA:19,10
DA:20,1
DA:22,9
DA:27,5
DA:31,3
DA:35,2
DA:46,1
DA:50,4
DA:51,1
DA:54,3
DA:55,3
DA:56,1
DA:59,2
DA:63,2
DA:64,1
DA:66,1
DA:76,5
DA:77,5
DA:78,5
DA:79,4
DA:81,4
DA:82,2
DA:83,2
DA:86,2
DA:87,2
DA:89,1
DA:94,2
DA:95,2
DA:100,5
DA:101,2
DA:103,3
DA:104,3
DA:105,2
DA:109,2
DA:110,2
DA:119,1
DA:120,1
DA:125,5
DA:126,5
DA:127,5
DA:128,2
DA:129,1
DA:131,1
DA:133,4
DA:134,4
DA:140,3
DA:141,3
DA:142,3
DA:143,2
DA:145,1
DA:147,1
DA:150,1
DA:155,2
DA:156,1
DA:159,1
DA:160,1
DA:161,1
DA:165,3
DA:166,3
DA:167,3
DA:169,2
DA:171,2
DA:172,1
DA:175,1
DA:177,1
DA:178,1
DA:184,3
DA:185,2
DA:186,2
DA:188,1
DA:190,3
DA:194,3
DA:195,0
DA:196,0
DA:197,0
DA:200,3
DA:205,3
DA:206,3
DA:208,0
DA:210,3
DA:214,3
DA:215,3
DA:217,2
DA:218,3
DA:219,3
DA:220,3
DA:223,2
DA:225,2
DA:226,2
DA:228,1
DA:229,1
DA:235,0
DA:239,0
DA:240,0
DA:242,0
DA:243,0
DA:246,0
DA:247,0
DA:249,0
DA:251,0
DA:252,0
DA:258,0
DA:259,0
DA:260,0
DA:265,0
DA:266,0
DA:267,0
DA:268,0
DA:270,0
DA:271,0
DA:274,0
DA:275,0
DA:277,0
DA:278,0
DA:280,0
DA:281,0
DA:287,0
DA:288,0
DA:289,0
DA:291,0
DA:292,0
DA:294,0
DA:297,0
DA:298,0
DA:300,0
DA:301,0
DA:306,0
DA:310,0
DA:311,0
DA:312,0
DA:314,0
DA:315,0
DA:316,0
DA:320,0
DA:321,0
DA:322,0
DA:323,0
DA:324,0
DA:325,0
DA:326,0
DA:332,0
DA:333,0
DA:338,0
DA:340,0
LF:148
LH:91
BRDA:17,0,0,5
BRDA:17,0,1,10
BRDA:17,1,0,15
BRDA:17,1,1,12
BRDA:19,2,0,1
BRDA:19,2,1,9
BRDA:50,3,0,1
BRDA:50,3,1,3
BRDA:55,4,0,1
BRDA:55,4,1,2
BRDA:81,5,0,2
BRDA:81,5,1,2
BRDA:100,6,0,2
BRDA:100,6,1,3
BRDA:143,7,0,1
BRDA:143,7,1,1
BRDA:155,8,0,1
BRDA:155,8,1,1
BRDA:171,9,0,1
BRDA:171,9,1,1
BRDA:184,10,0,2
BRDA:184,10,1,1
BRDA:184,11,0,3
BRDA:184,11,1,3
BRDA:194,12,0,0
BRDA:194,12,1,3
BRDA:194,13,0,3
BRDA:194,13,1,0
BRDA:205,14,0,3
BRDA:205,14,1,0
BRDA:242,15,0,0
BRDA:242,15,1,0
BRDA:242,16,0,0
BRDA:242,16,1,0
BRDA:242,16,2,0
BRDA:259,17,0,0
BRDA:259,17,1,0
BRDA:270,18,0,0
BRDA:270,18,1,0
BRDA:291,19,0,0
BRDA:291,19,1,0
BRDA:311,20,0,0
BRDA:311,20,1,0
BRDA:322,21,0,0
BRDA:322,21,1,0
BRDA:322,22,0,0
BRDA:322,22,1,0
BRDA:325,23,0,0
BRDA:325,23,1,0
BRF:49
BRH:27
end_of_record
TN:
SF:dao/DBAccessDAO.js
FN:4,(anonymous_0)
FN:8,(anonymous_1)
FN:12,(anonymous_2)
FNF:3
FNH:0
FNDA:0,(anonymous_0)
FNDA:0,(anonymous_1)
FNDA:0,(anonymous_2)
DA:4,9
DA:5,0
DA:8,9
DA:9,0
DA:12,9
DA:13,0
LF:6
LH:3
BRF:0
BRH:0
end_of_record
TN:
SF:models/Announcements.js
FN:12,findAllAnnouncements
FNF:1
FNH:1
FNDA:12,findAllAnnouncements
DA:3,10
DA:10,10
DA:13,12
DA:14,12
DA:15,12
DA:18,0
DA:19,0
LF:7
LH:5
BRF:0
BRH:0
end_of_record
TN:
SF:models/TrainExercise.js
FN:75,(anonymous_0)
FN:80,(anonymous_1)
FN:85,(anonymous_2)
FN:86,(anonymous_3)
FN:87,(anonymous_4)
FNF:5
FNH:2
FNDA:10,(anonymous_0)
FNDA:10,(anonymous_1)
FNDA:0,(anonymous_2)
FNDA:0,(anonymous_3)
FNDA:0,(anonymous_4)
DA:3,9
DA:19,9
DA:39,9
DA:75,9
DA:76,10
DA:77,10
DA:80,9
DA:81,10
DA:82,10
DA:85,9
DA:86,0
DA:87,0
DA:88,0
DA:91,9
DA:92,9
DA:94,9
LF:16
LH:13
BRDA:77,0,0,3
BRDA:77,0,1,7
BRDA:82,1,0,3
BRDA:82,1,1,7
BRF:4
BRH:4
end_of_record
TN:
SF:models/Users.js
FN:23,(anonymous_0)
FN:29,hashPassword
FN:34,arrayLimit
FN:40,findAllUsers
FN:49,findStatuses
FNF:5
FNH:4
FNDA:26,(anonymous_0)
FNDA:25,hashPassword
FNDA:28,arrayLimit
FNDA:8,findAllUsers
FNDA:0,findStatuses
DA:4,12
DA:9,12
DA:23,12
DA:24,26
DA:25,25
DA:26,25
DA:30,25
DA:31,25
DA:35,28
DA:38,12
DA:41,8
DA:42,8
DA:44,1
DA:45,1
DA:50,0
DA:51,0
DA:52,0
DA:53,0
DA:55,0
DA:57,0
DA:58,0
LF:21
LH:14
BRDA:24,0,0,1
BRDA:24,0,1,25
BRDA:52,1,0,0
BRDA:52,1,1,0
BRF:4
BRH:2
end_of_record
TN:
SF:routes/annoucementRoutes.js
FNF:0
FNH:0
DA:3,9
DA:5,9
DA:6,9
LF:3
LH:3
BRF:0
BRH:0
end_of_record
TN:
SF:routes/exerciseRoutes.js
FNF:0
FNH:0
DA:13,9
DA:15,9
DA:16,9
DA:17,9
DA:18,9
DA:19,9
DA:20,9
DA:21,9
DA:22,9
LF:9
LH:9
BRF:0
BRH:0
end_of_record
TN:
SF:routes/messageRoutes.js
FNF:0
FNH:0
DA:4,9
DA:6,9
DA:7,9
LF:3
LH:3
BRF:0
BRH:0
end_of_record
TN:
SF:routes/searchRoutes.js
FNF:0
FNH:0
DA:3,9
DA:5,9
LF:2
LH:2
BRF:0
BRH:0
end_of_record
TN:
SF:routes/speedTestRoutes.js
FNF:0
FNH:0
DA:3,9
DA:5,9
DA:6,9
LF:3
LH:3
BRF:0
BRH:0
end_of_record
TN:
SF:routes/userRoutes.js
FNF:0
FNH:0
DA:3,9
DA:5,9
DA:6,9
DA:7,9
DA:8,9
DA:9,9
DA:10,9
DA:11,9
DA:12,9
LF:9
LH:9
BRF:0
BRH:0
end_of_record
